0 info it worked if it ends with ok
1 verbose cli [ 'node', '/usr/bin/npm', 'run', 'build' ]
2 info using npm@1.4.28
3 info using node@v0.10.32
4 verbose run-script [ 'prebuild', 'build', 'postbuild' ]
5 info prebuild classy@1.4.10
6 info build classy@1.4.10
7 verbose unsafe-perm in lifecycle true
8 info classy@1.4.10 Failed to exec build script
9 error classy@1.4.10 build: `browserify src/index.js -s classy -onp dist/classy.js`
9 error Exit status 8
10 error Failed at the classy@1.4.10 build script.
10 error This is most likely a problem with the classy package,
10 error not with npm itself.
10 error Tell the author that this fails on your system:
10 error     browserify src/index.js -s classy -onp dist/classy.js
10 error You can get their info via:
10 error     npm owner ls classy
10 error There is likely additional logging output above.
11 error System Linux 3.15.8-200.fc20.x86_64
12 error command "node" "/usr/bin/npm" "run" "build"
13 error cwd /home/radu/code/classy
14 error node -v v0.10.32
15 error npm -v 1.4.28
16 error code ELIFECYCLE
17 verbose exit [ 1, true ]
